Connecting to database specified by database.yml
Compiled jquery.js  (2ms)  (pid 15845)
Compiled jquery-ui.js  (8ms)  (pid 15845)
Compiled jquery_ujs.js  (0ms)  (pid 15845)
Compiled active_admin/lib/namespace.js  (193ms)  (pid 15845)
Compiled active_admin/components/jquery.aa.checkbox-toggler.js  (209ms)  (pid 15845)
Compiled active_admin/components/jquery.aa.dropdown-menu.js  (196ms)  (pid 15845)
Compiled active_admin/components/jquery.aa.popover.js  (189ms)  (pid 15845)
Compiled active_admin/components/jquery.aa.table-checkbox-toggler.js  (224ms)  (pid 15845)
Compiled active_admin/pages/application.js  (179ms)  (pid 15845)
Compiled active_admin/pages/batch_actions.js  (181ms)  (pid 15845)
Compiled active_admin/application.js  (1457ms)  (pid 15845)
Compiled active_admin/base.js  (1548ms)  (pid 15845)
Compiled active_admin.js  (1556ms)  (pid 15845)
Compiled app.js  (0ms)  (pid 15845)
Compiled application.js  (3ms)  (pid 15845)
Compiled cufon-yui.js  (0ms)  (pid 15845)
Compiled fonts.js  (1ms)  (pid 15845)
Compiled foundation.min.js  (3ms)  (pid 15845)
Compiled jquery.cycle2.min.js  (0ms)  (pid 15845)
Compiled jquery.dropkick.js  (0ms)  (pid 15845)
Compiled jquery.jcarousel.min.js  (0ms)  (pid 15845)
Compiled jquery.localscroll.js  (0ms)  (pid 15845)
Compiled jquery.scrollto.js  (0ms)  (pid 15845)
Compiled modernizr.foundation.js  (0ms)  (pid 15845)
Compiled script.js  (1ms)  (pid 15845)
Compiled validate.js  (0ms)  (pid 15845)
WARNING: box-shadow is deprecated and will be removed in the next major version release
         on line 7 of /home/taras/.rvm/gems/ruby-1.9.3-p448/gems/bourbon-3.1.1/app/assets/stylesheets/_bourbon-deprecated-upcoming.scss, in `box-shadow'
         from line 6 of /home/taras/.rvm/gems/ruby-1.9.3-p448/gems/activeadmin-0.5.1/app/assets/stylesheets/active_admin/mixins/_sections.css.scss, in `section-header'
         from line 16 of /home/taras/.rvm/gems/ruby-1.9.3-p448/gems/activeadmin-0.5.1/app/assets/stylesheets/active_admin/_forms.css.scss
         from line 11 of /home/taras/.rvm/gems/ruby-1.9.3-p448/gems/activeadmin-0.5.1/app/assets/stylesheets/active_admin/_base.css.scss
         from line 12 of /home/taras/dev/project/rails/h/icn/app/assets/stylesheets/active_admin.css.scss

WARNING: box-shadow is deprecated and will be removed in the next major version release
         on line 7 of /home/taras/.rvm/gems/ruby-1.9.3-p448/gems/bourbon-3.1.1/app/assets/stylesheets/_bourbon-deprecated-upcoming.scss, in `box-shadow'
         from line 24 of /home/taras/.rvm/gems/ruby-1.9.3-p448/gems/activeadmin-0.5.1/app/assets/stylesheets/active_admin/mixins/_buttons.css.scss, in `default-button'
         from line 65 of /home/taras/.rvm/gems/ruby-1.9.3-p448/gems/activeadmin-0.5.1/app/assets/stylesheets/active_admin/mixins/_buttons.css.scss, in `dark-button'
         from line 181 of /home/taras/.rvm/gems/ruby-1.9.3-p448/gems/activeadmin-0.5.1/app/assets/stylesheets/active_admin/_forms.css.scss
         from line 11 of /home/taras/.rvm/gems/ruby-1.9.3-p448/gems/activeadmin-0.5.1/app/assets/stylesheets/active_admin/_base.css.scss
         from line 12 of /home/taras/dev/project/rails/h/icn/app/assets/stylesheets/active_admin.css.scss

WARNING: box-shadow is deprecated and will be removed in the next major version release
         on line 7 of /home/taras/.rvm/gems/ruby-1.9.3-p448/gems/bourbon-3.1.1/app/assets/stylesheets/_bourbon-deprecated-upcoming.scss, in `box-shadow'
         from line 35 of /home/taras/.rvm/gems/ruby-1.9.3-p448/gems/activeadmin-0.5.1/app/assets/stylesheets/active_admin/mixins/_buttons.css.scss, in `default-button'
         from line 65 of /home/taras/.rvm/gems/ruby-1.9.3-p448/gems/activeadmin-0.5.1/app/assets/stylesheets/active_admin/mixins/_buttons.css.scss, in `dark-button'
         from line 181 of /home/taras/.rvm/gems/ruby-1.9.3-p448/gems/activeadmin-0.5.1/app/assets/stylesheets/active_admin/_forms.css.scss
         from line 11 of /home/taras/.rvm/gems/ruby-1.9.3-p448/gems/activeadmin-0.5.1/app/assets/stylesheets/active_admin/_base.css.scss
         from line 12 of /home/taras/dev/project/rails/h/icn/app/assets/stylesheets/active_admin.css.scss

WARNING: box-shadow is deprecated and will be removed in the next major version release
         on line 7 of /home/taras/.rvm/gems/ruby-1.9.3-p448/gems/bourbon-3.1.1/app/assets/stylesheets/_bourbon-deprecated-upcoming.scss, in `box-shadow'
         from line 44 of /home/taras/.rvm/gems/ruby-1.9.3-p448/gems/activeadmin-0.5.1/app/assets/stylesheets/active_admin/mixins/_buttons.css.scss, in `light-button'
         from line 197 of /home/taras/.rvm/gems/ruby-1.9.3-p448/gems/activeadmin-0.5.1/app/assets/stylesheets/active_admin/_forms.css.scss
         from line 11 of /home/taras/.rvm/gems/ruby-1.9.3-p448/gems/activeadmin-0.5.1/app/assets/stylesheets/active_admin/_base.css.scss
         from line 12 of /home/taras/dev/project/rails/h/icn/app/assets/stylesheets/active_admin.css.scss

WARNING: box-shadow is deprecated and will be removed in the next major version release
         on line 7 of /home/taras/.rvm/gems/ruby-1.9.3-p448/gems/bourbon-3.1.1/app/assets/stylesheets/_bourbon-deprecated-upcoming.scss, in `box-shadow'
         from line 56 of /home/taras/.rvm/gems/ruby-1.9.3-p448/gems/activeadmin-0.5.1/app/assets/stylesheets/active_admin/mixins/_buttons.css.scss, in `light-button'
         from line 197 of /home/taras/.rvm/gems/ruby-1.9.3-p448/gems/activeadmin-0.5.1/app/assets/stylesheets/active_admin/_forms.css.scss
         from line 11 of /home/taras/.rvm/gems/ruby-1.9.3-p448/gems/activeadmin-0.5.1/app/assets/stylesheets/active_admin/_base.css.scss
         from line 12 of /home/taras/dev/project/rails/h/icn/app/assets/stylesheets/active_admin.css.scss

WARNING: box-shadow is deprecated and will be removed in the next major version release
         on line 7 of /home/taras/.rvm/gems/ruby-1.9.3-p448/gems/bourbon-3.1.1/app/assets/stylesheets/_bourbon-deprecated-upcoming.scss, in `box-shadow'
         from line 44 of /home/taras/.rvm/gems/ruby-1.9.3-p448/gems/activeadmin-0.5.1/app/assets/stylesheets/active_admin/mixins/_buttons.css.scss, in `light-button'
         from line 279 of /home/taras/.rvm/gems/ruby-1.9.3-p448/gems/activeadmin-0.5.1/app/assets/stylesheets/active_admin/_forms.css.scss
         from line 11 of /home/taras/.rvm/gems/ruby-1.9.3-p448/gems/activeadmin-0.5.1/app/assets/stylesheets/active_admin/_base.css.scss
         from line 12 of /home/taras/dev/project/rails/h/icn/app/assets/stylesheets/active_admin.css.scss

WARNING: box-shadow is deprecated and will be removed in the next major version release
         on line 7 of /home/taras/.rvm/gems/ruby-1.9.3-p448/gems/bourbon-3.1.1/app/assets/stylesheets/_bourbon-deprecated-upcoming.scss, in `box-shadow'
         from line 56 of /home/taras/.rvm/gems/ruby-1.9.3-p448/gems/activeadmin-0.5.1/app/assets/stylesheets/active_admin/mixins/_buttons.css.scss, in `light-button'
         from line 279 of /home/taras/.rvm/gems/ruby-1.9.3-p448/gems/activeadmin-0.5.1/app/assets/stylesheets/active_admin/_forms.css.scss
         from line 11 of /home/taras/.rvm/gems/ruby-1.9.3-p448/gems/activeadmin-0.5.1/app/assets/stylesheets/active_admin/_base.css.scss
         from line 12 of /home/taras/dev/project/rails/h/icn/app/assets/stylesheets/active_admin.css.scss

WARNING: box-shadow is deprecated and will be removed in the next major version release
         on line 7 of /home/taras/.rvm/gems/ruby-1.9.3-p448/gems/bourbon-3.1.1/app/assets/stylesheets/_bourbon-deprecated-upcoming.scss, in `box-shadow'
         from line 6 of /home/taras/.rvm/gems/ruby-1.9.3-p448/gems/activeadmin-0.5.1/app/assets/stylesheets/active_admin/components/_popovers.css.scss
         from line 15 of /home/taras/.rvm/gems/ruby-1.9.3-p448/gems/activeadmin-0.5.1/app/assets/stylesheets/active_admin/_base.css.scss
         from line 12 of /home/taras/dev/project/rails/h/icn/app/assets/stylesheets/active_admin.css.scss

WARNING: box-shadow is deprecated and will be removed in the next major version release
         on line 7 of /home/taras/.rvm/gems/ruby-1.9.3-p448/gems/bourbon-3.1.1/app/assets/stylesheets/_bourbon-deprecated-upcoming.scss, in `box-shadow'
         from line 62 of /home/taras/.rvm/gems/ruby-1.9.3-p448/gems/activeadmin-0.5.1/app/assets/stylesheets/active_admin/components/_popovers.css.scss
         from line 15 of /home/taras/.rvm/gems/ruby-1.9.3-p448/gems/activeadmin-0.5.1/app/assets/stylesheets/active_admin/_base.css.scss
         from line 12 of /home/taras/dev/project/rails/h/icn/app/assets/stylesheets/active_admin.css.scss

WARNING: box-shadow is deprecated and will be removed in the next major version release
         on line 7 of /home/taras/.rvm/gems/ruby-1.9.3-p448/gems/bourbon-3.1.1/app/assets/stylesheets/_bourbon-deprecated-upcoming.scss, in `box-shadow'
         from line 6 of /home/taras/.rvm/gems/ruby-1.9.3-p448/gems/activeadmin-0.5.1/app/assets/stylesheets/active_admin/mixins/_sections.css.scss, in `section-header'
         from line 18 of /home/taras/.rvm/gems/ruby-1.9.3-p448/gems/activeadmin-0.5.1/app/assets/stylesheets/active_admin/components/_tables.css.scss
         from line 16 of /home/taras/.rvm/gems/ruby-1.9.3-p448/gems/activeadmin-0.5.1/app/assets/stylesheets/active_admin/_base.css.scss
         from line 12 of /home/taras/dev/project/rails/h/icn/app/assets/stylesheets/active_admin.css.scss

WARNING: box-shadow is deprecated and will be removed in the next major version release
         on line 7 of /home/taras/.rvm/gems/ruby-1.9.3-p448/gems/bourbon-3.1.1/app/assets/stylesheets/_bourbon-deprecated-upcoming.scss, in `box-shadow'
         from line 44 of /home/taras/.rvm/gems/ruby-1.9.3-p448/gems/activeadmin-0.5.1/app/assets/stylesheets/active_admin/mixins/_buttons.css.scss, in `light-button'
         from line 5 of /home/taras/.rvm/gems/ruby-1.9.3-p448/gems/activeadmin-0.5.1/app/assets/stylesheets/active_admin/components/_dropdown_menu.scss
         from line 20 of /home/taras/.rvm/gems/ruby-1.9.3-p448/gems/activeadmin-0.5.1/app/assets/stylesheets/active_admin/_base.css.scss
         from line 12 of /home/taras/dev/project/rails/h/icn/app/assets/stylesheets/active_admin.css.scss

WARNING: box-shadow is deprecated and will be removed in the next major version release
         on line 7 of /home/taras/.rvm/gems/ruby-1.9.3-p448/gems/bourbon-3.1.1/app/assets/stylesheets/_bourbon-deprecated-upcoming.scss, in `box-shadow'
         from line 56 of /home/taras/.rvm/gems/ruby-1.9.3-p448/gems/activeadmin-0.5.1/app/assets/stylesheets/active_admin/mixins/_buttons.css.scss, in `light-button'
         from line 5 of /home/taras/.rvm/gems/ruby-1.9.3-p448/gems/activeadmin-0.5.1/app/assets/stylesheets/active_admin/components/_dropdown_menu.scss
         from line 20 of /home/taras/.rvm/gems/ruby-1.9.3-p448/gems/activeadmin-0.5.1/app/assets/stylesheets/active_admin/_base.css.scss
         from line 12 of /home/taras/dev/project/rails/h/icn/app/assets/stylesheets/active_admin.css.scss

WARNING: box-shadow is deprecated and will be removed in the next major version release
         on line 7 of /home/taras/.rvm/gems/ruby-1.9.3-p448/gems/bourbon-3.1.1/app/assets/stylesheets/_bourbon-deprecated-upcoming.scss, in `box-shadow'
         from line 83 of /home/taras/.rvm/gems/ruby-1.9.3-p448/gems/activeadmin-0.5.1/app/assets/stylesheets/active_admin/components/_dropdown_menu.scss
         from line 20 of /home/taras/.rvm/gems/ruby-1.9.3-p448/gems/activeadmin-0.5.1/app/assets/stylesheets/active_admin/_base.css.scss
         from line 12 of /home/taras/dev/project/rails/h/icn/app/assets/stylesheets/active_admin.css.scss

WARNING: box-shadow is deprecated and will be removed in the next major version release
         on line 7 of /home/taras/.rvm/gems/ruby-1.9.3-p448/gems/bourbon-3.1.1/app/assets/stylesheets/_bourbon-deprecated-upcoming.scss, in `box-shadow'
         from line 96 of /home/taras/.rvm/gems/ruby-1.9.3-p448/gems/activeadmin-0.5.1/app/assets/stylesheets/active_admin/components/_dropdown_menu.scss
         from line 20 of /home/taras/.rvm/gems/ruby-1.9.3-p448/gems/activeadmin-0.5.1/app/assets/stylesheets/active_admin/_base.css.scss
         from line 12 of /home/taras/dev/project/rails/h/icn/app/assets/stylesheets/active_admin.css.scss

WARNING: box-shadow is deprecated and will be removed in the next major version release
         on line 7 of /home/taras/.rvm/gems/ruby-1.9.3-p448/gems/bourbon-3.1.1/app/assets/stylesheets/_bourbon-deprecated-upcoming.scss, in `box-shadow'
         from line 24 of /home/taras/.rvm/gems/ruby-1.9.3-p448/gems/activeadmin-0.5.1/app/assets/stylesheets/active_admin/mixins/_buttons.css.scss, in `default-button'
         from line 65 of /home/taras/.rvm/gems/ruby-1.9.3-p448/gems/activeadmin-0.5.1/app/assets/stylesheets/active_admin/mixins/_buttons.css.scss, in `dark-button'
         from line 11 of /home/taras/.rvm/gems/ruby-1.9.3-p448/gems/activeadmin-0.5.1/app/assets/stylesheets/active_admin/components/_buttons.scss
         from line 21 of /home/taras/.rvm/gems/ruby-1.9.3-p448/gems/activeadmin-0.5.1/app/assets/stylesheets/active_admin/_base.css.scss
         from line 12 of /home/taras/dev/project/rails/h/icn/app/assets/stylesheets/active_admin.css.scss

WARNING: box-shadow is deprecated and will be removed in the next major version release
         on line 7 of /home/taras/.rvm/gems/ruby-1.9.3-p448/gems/bourbon-3.1.1/app/assets/stylesheets/_bourbon-deprecated-upcoming.scss, in `box-shadow'
         from line 35 of /home/taras/.rvm/gems/ruby-1.9.3-p448/gems/activeadmin-0.5.1/app/assets/stylesheets/active_admin/mixins/_buttons.css.scss, in `default-button'
         from line 65 of /home/taras/.rvm/gems/ruby-1.9.3-p448/gems/activeadmin-0.5.1/app/assets/stylesheets/active_admin/mixins/_buttons.css.scss, in `dark-button'
         from line 11 of /home/taras/.rvm/gems/ruby-1.9.3-p448/gems/activeadmin-0.5.1/app/assets/stylesheets/active_admin/components/_buttons.scss
         from line 21 of /home/taras/.rvm/gems/ruby-1.9.3-p448/gems/activeadmin-0.5.1/app/assets/stylesheets/active_admin/_base.css.scss
         from line 12 of /home/taras/dev/project/rails/h/icn/app/assets/stylesheets/active_admin.css.scss

WARNING: box-shadow is deprecated and will be removed in the next major version release
         on line 7 of /home/taras/.rvm/gems/ruby-1.9.3-p448/gems/bourbon-3.1.1/app/assets/stylesheets/_bourbon-deprecated-upcoming.scss, in `box-shadow'
         from line 44 of /home/taras/.rvm/gems/ruby-1.9.3-p448/gems/activeadmin-0.5.1/app/assets/stylesheets/active_admin/mixins/_buttons.css.scss, in `light-button'
         from line 11 of /home/taras/.rvm/gems/ruby-1.9.3-p448/gems/activeadmin-0.5.1/app/assets/stylesheets/active_admin/components/_pagination.scss
         from line 24 of /home/taras/.rvm/gems/ruby-1.9.3-p448/gems/activeadmin-0.5.1/app/assets/stylesheets/active_admin/_base.css.scss
         from line 12 of /home/taras/dev/project/rails/h/icn/app/assets/stylesheets/active_admin.css.scss

WARNING: box-shadow is deprecated and will be removed in the next major version release
         on line 7 of /home/taras/.rvm/gems/ruby-1.9.3-p448/gems/bourbon-3.1.1/app/assets/stylesheets/_bourbon-deprecated-upcoming.scss, in `box-shadow'
         from line 56 of /home/taras/.rvm/gems/ruby-1.9.3-p448/gems/activeadmin-0.5.1/app/assets/stylesheets/active_admin/mixins/_buttons.css.scss, in `light-button'
         from line 11 of /home/taras/.rvm/gems/ruby-1.9.3-p448/gems/activeadmin-0.5.1/app/assets/stylesheets/active_admin/components/_pagination.scss
         from line 24 of /home/taras/.rvm/gems/ruby-1.9.3-p448/gems/activeadmin-0.5.1/app/assets/stylesheets/active_admin/_base.css.scss
         from line 12 of /home/taras/dev/project/rails/h/icn/app/assets/stylesheets/active_admin.css.scss

WARNING: box-shadow is deprecated and will be removed in the next major version release
         on line 7 of /home/taras/.rvm/gems/ruby-1.9.3-p448/gems/bourbon-3.1.1/app/assets/stylesheets/_bourbon-deprecated-upcoming.scss, in `box-shadow'
         from line 24 of /home/taras/.rvm/gems/ruby-1.9.3-p448/gems/activeadmin-0.5.1/app/assets/stylesheets/active_admin/mixins/_buttons.css.scss, in `default-button'
         from line 15 of /home/taras/.rvm/gems/ruby-1.9.3-p448/gems/activeadmin-0.5.1/app/assets/stylesheets/active_admin/components/_pagination.scss
         from line 24 of /home/taras/.rvm/gems/ruby-1.9.3-p448/gems/activeadmin-0.5.1/app/assets/stylesheets/active_admin/_base.css.scss
         from line 12 of /home/taras/dev/project/rails/h/icn/app/assets/stylesheets/active_admin.css.scss

WARNING: box-shadow is deprecated and will be removed in the next major version release
         on line 7 of /home/taras/.rvm/gems/ruby-1.9.3-p448/gems/bourbon-3.1.1/app/assets/stylesheets/_bourbon-deprecated-upcoming.scss, in `box-shadow'
         from line 35 of /home/taras/.rvm/gems/ruby-1.9.3-p448/gems/activeadmin-0.5.1/app/assets/stylesheets/active_admin/mixins/_buttons.css.scss, in `default-button'
         from line 15 of /home/taras/.rvm/gems/ruby-1.9.3-p448/gems/activeadmin-0.5.1/app/assets/stylesheets/active_admin/components/_pagination.scss
         from line 24 of /home/taras/.rvm/gems/ruby-1.9.3-p448/gems/activeadmin-0.5.1/app/assets/stylesheets/active_admin/_base.css.scss
         from line 12 of /home/taras/dev/project/rails/h/icn/app/assets/stylesheets/active_admin.css.scss

WARNING: box-shadow is deprecated and will be removed in the next major version release
         on line 7 of /home/taras/.rvm/gems/ruby-1.9.3-p448/gems/bourbon-3.1.1/app/assets/stylesheets/_bourbon-deprecated-upcoming.scss, in `box-shadow'
         from line 6 of /home/taras/.rvm/gems/ruby-1.9.3-p448/gems/activeadmin-0.5.1/app/assets/stylesheets/active_admin/mixins/_sections.css.scss, in `section-header'
         from line 28 of /home/taras/.rvm/gems/ruby-1.9.3-p448/gems/activeadmin-0.5.1/app/assets/stylesheets/active_admin/mixins/_sections.css.scss, in `section'
         from line 2 of /home/taras/.rvm/gems/ruby-1.9.3-p448/gems/activeadmin-0.5.1/app/assets/stylesheets/active_admin/components/_panels.scss
         from line 25 of /home/taras/.rvm/gems/ruby-1.9.3-p448/gems/activeadmin-0.5.1/app/assets/stylesheets/active_admin/_base.css.scss
         from line 12 of /home/taras/dev/project/rails/h/icn/app/assets/stylesheets/active_admin.css.scss

WARNING: box-shadow is deprecated and will be removed in the next major version release
         on line 7 of /home/taras/.rvm/gems/ruby-1.9.3-p448/gems/bourbon-3.1.1/app/assets/stylesheets/_bourbon-deprecated-upcoming.scss, in `box-shadow'
         from line 6 of /home/taras/.rvm/gems/ruby-1.9.3-p448/gems/activeadmin-0.5.1/app/assets/stylesheets/active_admin/mixins/_sections.css.scss, in `section-header'
         from line 28 of /home/taras/.rvm/gems/ruby-1.9.3-p448/gems/activeadmin-0.5.1/app/assets/stylesheets/active_admin/mixins/_sections.css.scss, in `section'
         from line 6 of /home/taras/.rvm/gems/ruby-1.9.3-p448/gems/activeadmin-0.5.1/app/assets/stylesheets/active_admin/components/_panels.scss
         from line 25 of /home/taras/.rvm/gems/ruby-1.9.3-p448/gems/activeadmin-0.5.1/app/assets/stylesheets/active_admin/_base.css.scss
         from line 12 of /home/taras/dev/project/rails/h/icn/app/assets/stylesheets/active_admin.css.scss

WARNING: box-shadow is deprecated and will be removed in the next major version release
         on line 7 of /home/taras/.rvm/gems/ruby-1.9.3-p448/gems/bourbon-3.1.1/app/assets/stylesheets/_bourbon-deprecated-upcoming.scss, in `box-shadow'
         from line 44 of /home/taras/.rvm/gems/ruby-1.9.3-p448/gems/activeadmin-0.5.1/app/assets/stylesheets/active_admin/mixins/_buttons.css.scss, in `light-button'
         from line 25 of /home/taras/.rvm/gems/ruby-1.9.3-p448/gems/activeadmin-0.5.1/app/assets/stylesheets/active_admin/components/_table_tools.css.scss
         from line 29 of /home/taras/.rvm/gems/ruby-1.9.3-p448/gems/activeadmin-0.5.1/app/assets/stylesheets/active_admin/_base.css.scss
         from line 12 of /home/taras/dev/project/rails/h/icn/app/assets/stylesheets/active_admin.css.scss

WARNING: box-shadow is deprecated and will be removed in the next major version release
         on line 7 of /home/taras/.rvm/gems/ruby-1.9.3-p448/gems/bourbon-3.1.1/app/assets/stylesheets/_bourbon-deprecated-upcoming.scss, in `box-shadow'
         from line 56 of /home/taras/.rvm/gems/ruby-1.9.3-p448/gems/activeadmin-0.5.1/app/assets/stylesheets/active_admin/mixins/_buttons.css.scss, in `light-button'
         from line 25 of /home/taras/.rvm/gems/ruby-1.9.3-p448/gems/activeadmin-0.5.1/app/assets/stylesheets/active_admin/components/_table_tools.css.scss
         from line 29 of /home/taras/.rvm/gems/ruby-1.9.3-p448/gems/activeadmin-0.5.1/app/assets/stylesheets/active_admin/_base.css.scss
         from line 12 of /home/taras/dev/project/rails/h/icn/app/assets/stylesheets/active_admin.css.scss

WARNING: box-shadow is deprecated and will be removed in the next major version release
         on line 7 of /home/taras/.rvm/gems/ruby-1.9.3-p448/gems/bourbon-3.1.1/app/assets/stylesheets/_bourbon-deprecated-upcoming.scss, in `box-shadow'
         from line 41 of /home/taras/.rvm/gems/ruby-1.9.3-p448/gems/activeadmin-0.5.1/app/assets/stylesheets/active_admin/components/_table_tools.css.scss
         from line 29 of /home/taras/.rvm/gems/ruby-1.9.3-p448/gems/activeadmin-0.5.1/app/assets/stylesheets/active_admin/_base.css.scss
         from line 12 of /home/taras/dev/project/rails/h/icn/app/assets/stylesheets/active_admin.css.scss

WARNING: box-shadow is deprecated and will be removed in the next major version release
         on line 7 of /home/taras/.rvm/gems/ruby-1.9.3-p448/gems/bourbon-3.1.1/app/assets/stylesheets/_bourbon-deprecated-upcoming.scss, in `box-shadow'
         from line 84 of /home/taras/.rvm/gems/ruby-1.9.3-p448/gems/activeadmin-0.5.1/app/assets/stylesheets/active_admin/components/_table_tools.css.scss
         from line 29 of /home/taras/.rvm/gems/ruby-1.9.3-p448/gems/activeadmin-0.5.1/app/assets/stylesheets/active_admin/_base.css.scss
         from line 12 of /home/taras/dev/project/rails/h/icn/app/assets/stylesheets/active_admin.css.scss

WARNING: box-shadow is deprecated and will be removed in the next major version release
         on line 7 of /home/taras/.rvm/gems/ruby-1.9.3-p448/gems/bourbon-3.1.1/app/assets/stylesheets/_bourbon-deprecated-upcoming.scss, in `box-shadow'
         from line 6 of /home/taras/.rvm/gems/ruby-1.9.3-p448/gems/activeadmin-0.5.1/app/assets/stylesheets/active_admin/mixins/_sections.css.scss, in `section-header'
         from line 28 of /home/taras/.rvm/gems/ruby-1.9.3-p448/gems/activeadmin-0.5.1/app/assets/stylesheets/active_admin/mixins/_sections.css.scss, in `section'
         from line 4 of /home/taras/.rvm/gems/ruby-1.9.3-p448/gems/activeadmin-0.5.1/app/assets/stylesheets/active_admin/pages/_dashboard.scss
         from line 30 of /home/taras/.rvm/gems/ruby-1.9.3-p448/gems/activeadmin-0.5.1/app/assets/stylesheets/active_admin/_base.css.scss
         from line 12 of /home/taras/dev/project/rails/h/icn/app/assets/stylesheets/active_admin.css.scss

WARNING: box-shadow is deprecated and will be removed in the next major version release
         on line 7 of /home/taras/.rvm/gems/ruby-1.9.3-p448/gems/bourbon-3.1.1/app/assets/stylesheets/_bourbon-deprecated-upcoming.scss, in `box-shadow'
         from line 6 of /home/taras/.rvm/gems/ruby-1.9.3-p448/gems/activeadmin-0.5.1/app/assets/stylesheets/active_admin/mixins/_sections.css.scss, in `section-header'
         from line 15 of /home/taras/.rvm/gems/ruby-1.9.3-p448/gems/activeadmin-0.5.1/app/assets/stylesheets/active_admin/pages/_logged_out.scss
         from line 31 of /home/taras/.rvm/gems/ruby-1.9.3-p448/gems/activeadmin-0.5.1/app/assets/stylesheets/active_admin/_base.css.scss
         from line 12 of /home/taras/dev/project/rails/h/icn/app/assets/stylesheets/active_admin.css.scss

WARNING: box-shadow is deprecated and will be removed in the next major version release
         on line 7 of /home/taras/.rvm/gems/ruby-1.9.3-p448/gems/bourbon-3.1.1/app/assets/stylesheets/_bourbon-deprecated-upcoming.scss, in `box-shadow'
         from line 18 of /home/taras/.rvm/gems/ruby-1.9.3-p448/gems/activeadmin-0.5.1/app/assets/stylesheets/active_admin/pages/_logged_out.scss
         from line 31 of /home/taras/.rvm/gems/ruby-1.9.3-p448/gems/activeadmin-0.5.1/app/assets/stylesheets/active_admin/_base.css.scss
         from line 12 of /home/taras/dev/project/rails/h/icn/app/assets/stylesheets/active_admin.css.scss

WARNING: box-shadow is deprecated and will be removed in the next major version release
         on line 7 of /home/taras/.rvm/gems/ruby-1.9.3-p448/gems/bourbon-3.1.1/app/assets/stylesheets/_bourbon-deprecated-upcoming.scss, in `box-shadow'
         from line 6 of /home/taras/.rvm/gems/ruby-1.9.3-p448/gems/activeadmin-0.5.1/app/assets/stylesheets/active_admin/mixins/_sections.css.scss, in `section-header'
         from line 2 of /home/taras/.rvm/gems/ruby-1.9.3-p448/gems/activeadmin-0.5.1/app/assets/stylesheets/active_admin/structure/_title_bar.scss
         from line 34 of /home/taras/.rvm/gems/ruby-1.9.3-p448/gems/activeadmin-0.5.1/app/assets/stylesheets/active_admin/_base.css.scss
         from line 12 of /home/taras/dev/project/rails/h/icn/app/assets/stylesheets/active_admin.css.scss

WARNING: box-shadow is deprecated and will be removed in the next major version release
         on line 7 of /home/taras/.rvm/gems/ruby-1.9.3-p448/gems/bourbon-3.1.1/app/assets/stylesheets/_bourbon-deprecated-upcoming.scss, in `box-shadow'
         from line 5 of /home/taras/.rvm/gems/ruby-1.9.3-p448/gems/activeadmin-0.5.1/app/assets/stylesheets/active_admin/structure/_title_bar.scss
         from line 34 of /home/taras/.rvm/gems/ruby-1.9.3-p448/gems/activeadmin-0.5.1/app/assets/stylesheets/active_admin/_base.css.scss
         from line 12 of /home/taras/dev/project/rails/h/icn/app/assets/stylesheets/active_admin.css.scss

WARNING: box-shadow is deprecated and will be removed in the next major version release
         on line 7 of /home/taras/.rvm/gems/ruby-1.9.3-p448/gems/bourbon-3.1.1/app/assets/stylesheets/_bourbon-deprecated-upcoming.scss, in `box-shadow'
         from line 44 of /home/taras/.rvm/gems/ruby-1.9.3-p448/gems/activeadmin-0.5.1/app/assets/stylesheets/active_admin/mixins/_buttons.css.scss, in `light-button'
         from line 34 of /home/taras/.rvm/gems/ruby-1.9.3-p448/gems/activeadmin-0.5.1/app/assets/stylesheets/active_admin/structure/_title_bar.scss
         from line 34 of /home/taras/.rvm/gems/ruby-1.9.3-p448/gems/activeadmin-0.5.1/app/assets/stylesheets/active_admin/_base.css.scss
         from line 12 of /home/taras/dev/project/rails/h/icn/app/assets/stylesheets/active_admin.css.scss

WARNING: box-shadow is deprecated and will be removed in the next major version release
         on line 7 of /home/taras/.rvm/gems/ruby-1.9.3-p448/gems/bourbon-3.1.1/app/assets/stylesheets/_bourbon-deprecated-upcoming.scss, in `box-shadow'
         from line 56 of /home/taras/.rvm/gems/ruby-1.9.3-p448/gems/activeadmin-0.5.1/app/assets/stylesheets/active_admin/mixins/_buttons.css.scss, in `light-button'
         from line 34 of /home/taras/.rvm/gems/ruby-1.9.3-p448/gems/activeadmin-0.5.1/app/assets/stylesheets/active_admin/structure/_title_bar.scss
         from line 34 of /home/taras/.rvm/gems/ruby-1.9.3-p448/gems/activeadmin-0.5.1/app/assets/stylesheets/active_admin/_base.css.scss
         from line 12 of /home/taras/dev/project/rails/h/icn/app/assets/stylesheets/active_admin.css.scss

Compiled active_admin.css  (2148ms)  (pid 15845)
Compiled app.css  (0ms)  (pid 15845)
Compiled application.css  (0ms)  (pid 15845)
Compiled foundation.css  (0ms)  (pid 15845)
Compiled jquery.ui.core.js  (0ms)  (pid 15845)
Compiled jquery.ui.widget.js  (0ms)  (pid 15845)
Compiled jquery.ui.accordion.js  (18ms)  (pid 15845)
Compiled jquery.ui.position.js  (0ms)  (pid 15845)
Compiled jquery.ui.menu.js  (10ms)  (pid 15845)
Compiled jquery.ui.autocomplete.js  (20ms)  (pid 15845)
Compiled jquery.ui.button.js  (2ms)  (pid 15845)
Compiled jquery.ui.datepicker.js  (2ms)  (pid 15845)
Compiled jquery.ui.mouse.js  (3ms)  (pid 15845)
Compiled jquery.ui.draggable.js  (11ms)  (pid 15845)
Compiled jquery.ui.resizable.js  (4ms)  (pid 15845)
Compiled jquery.ui.dialog.js  (36ms)  (pid 15845)
Compiled jquery.ui.droppable.js  (6ms)  (pid 15845)
Compiled jquery.ui.effect.js  (0ms)  (pid 15845)
Compiled jquery.ui.effect-blind.js  (6ms)  (pid 15845)
Compiled jquery.ui.effect-bounce.js  (1ms)  (pid 15845)
Compiled jquery.ui.effect-clip.js  (3ms)  (pid 15845)
Compiled jquery.ui.effect-drop.js  (1ms)  (pid 15845)
Compiled jquery.ui.effect-explode.js  (1ms)  (pid 15845)
Compiled jquery.ui.effect-fade.js  (2ms)  (pid 15845)
Compiled jquery.ui.effect-fold.js  (1ms)  (pid 15845)
Compiled jquery.ui.effect-highlight.js  (2ms)  (pid 15845)
Compiled jquery.ui.effect-pulsate.js  (3ms)  (pid 15845)
Compiled jquery.ui.effect-scale.js  (3ms)  (pid 15845)
Compiled jquery.ui.effect-shake.js  (3ms)  (pid 15845)
Compiled jquery.ui.effect-slide.js  (3ms)  (pid 15845)
Compiled jquery.ui.effect-transfer.js  (2ms)  (pid 15845)
Compiled jquery.ui.progressbar.js  (5ms)  (pid 15845)
Compiled jquery.ui.selectable.js  (7ms)  (pid 15845)
Compiled jquery.ui.slider.js  (9ms)  (pid 15845)
Compiled jquery.ui.sortable.js  (7ms)  (pid 15845)
Compiled jquery.ui.spinner.js  (4ms)  (pid 15845)
Compiled jquery.ui.tabs.js  (3ms)  (pid 15845)
Compiled jquery.ui.tooltip.js  (4ms)  (pid 15845)
Compiled jquery.ui.all.js  (460ms)  (pid 15845)
Compiled wysihtml5.js  (3ms)  (pid 15845)
Compiled active_admin/editor/wysiwyg.css  (0ms)  (pid 15845)
Compiled active_admin/editor/config.js  (33ms)  (pid 15845)
Compiled active_admin/editor/templates/toolbar.js  (4ms)  (pid 15845)
Compiled active_admin/editor/templates/uploader.js  (0ms)  (pid 15845)
Compiled active_admin/editor/editor.js  (18ms)  (pid 15845)
Compiled active_admin/editor/parser_rules.js  (0ms)  (pid 15845)
Compiled active_admin/editor.js  (88ms)  (pid 15845)
WARNING: box-shadow is deprecated and will be removed in the next major version release
         on line 7 of /home/taras/.rvm/gems/ruby-1.9.3-p448/gems/bourbon-3.1.1/app/assets/stylesheets/_bourbon-deprecated-upcoming.scss, in `box-shadow'
         from line 25 of /home/taras/.rvm/gems/ruby-1.9.3-p448/gems/active_admin_editor-1.0.6/app/assets/stylesheets/active_admin/editor.css.scss

Compiled active_admin/editor.css  (937ms)  (pid 15845)
Compiled active_admin/print.css  (157ms)  (pid 15845)
Connecting to database specified by database.yml
Compiled jquery.js  (2ms)  (pid 15845)
Compiled jquery-ui.js  (9ms)  (pid 15845)
Compiled jquery_ujs.js  (0ms)  (pid 15845)
Compiled active_admin/lib/namespace.js  (177ms)  (pid 15845)
Compiled active_admin/components/jquery.aa.checkbox-toggler.js  (196ms)  (pid 15845)
Compiled active_admin/components/jquery.aa.dropdown-menu.js  (202ms)  (pid 15845)
Compiled active_admin/components/jquery.aa.popover.js  (193ms)  (pid 15845)
Compiled active_admin/components/jquery.aa.table-checkbox-toggler.js  (178ms)  (pid 15845)
Compiled active_admin/pages/application.js  (185ms)  (pid 15845)
Compiled active_admin/pages/batch_actions.js  (182ms)  (pid 15845)
Compiled active_admin/application.js  (1420ms)  (pid 15845)
Compiled active_admin/base.js  (1496ms)  (pid 15845)
Compiled active_admin.js  (1505ms)  (pid 15845)
Compiled app.js  (0ms)  (pid 15845)
Compiled application.js  (3ms)  (pid 15845)
Compiled cufon-yui.js  (0ms)  (pid 15845)
Compiled fonts.js  (1ms)  (pid 15845)
Compiled foundation.min.js  (3ms)  (pid 15845)
Compiled jquery.cycle2.min.js  (0ms)  (pid 15845)
Compiled jquery.dropkick.js  (0ms)  (pid 15845)
Compiled jquery.jcarousel.min.js  (0ms)  (pid 15845)
Compiled jquery.localscroll.js  (0ms)  (pid 15845)
Compiled jquery.scrollto.js  (0ms)  (pid 15845)
Compiled modernizr.foundation.js  (0ms)  (pid 15845)
Compiled script.js  (0ms)  (pid 15845)
Compiled validate.js  (0ms)  (pid 15845)
WARNING: box-shadow is deprecated and will be removed in the next major version release
         on line 7 of /home/taras/.rvm/gems/ruby-1.9.3-p448/gems/bourbon-3.1.1/app/assets/stylesheets/_bourbon-deprecated-upcoming.scss, in `box-shadow'
         from line 6 of /home/taras/.rvm/gems/ruby-1.9.3-p448/gems/activeadmin-0.5.1/app/assets/stylesheets/active_admin/mixins/_sections.css.scss, in `section-header'
         from line 16 of /home/taras/.rvm/gems/ruby-1.9.3-p448/gems/activeadmin-0.5.1/app/assets/stylesheets/active_admin/_forms.css.scss
         from line 11 of /home/taras/.rvm/gems/ruby-1.9.3-p448/gems/activeadmin-0.5.1/app/assets/stylesheets/active_admin/_base.css.scss
         from line 12 of /home/taras/dev/project/rails/h/icn/app/assets/stylesheets/active_admin.css.scss

WARNING: box-shadow is deprecated and will be removed in the next major version release
         on line 7 of /home/taras/.rvm/gems/ruby-1.9.3-p448/gems/bourbon-3.1.1/app/assets/stylesheets/_bourbon-deprecated-upcoming.scss, in `box-shadow'
         from line 24 of /home/taras/.rvm/gems/ruby-1.9.3-p448/gems/activeadmin-0.5.1/app/assets/stylesheets/active_admin/mixins/_buttons.css.scss, in `default-button'
         from line 65 of /home/taras/.rvm/gems/ruby-1.9.3-p448/gems/activeadmin-0.5.1/app/assets/stylesheets/active_admin/mixins/_buttons.css.scss, in `dark-button'
         from line 181 of /home/taras/.rvm/gems/ruby-1.9.3-p448/gems/activeadmin-0.5.1/app/assets/stylesheets/active_admin/_forms.css.scss
         from line 11 of /home/taras/.rvm/gems/ruby-1.9.3-p448/gems/activeadmin-0.5.1/app/assets/stylesheets/active_admin/_base.css.scss
         from line 12 of /home/taras/dev/project/rails/h/icn/app/assets/stylesheets/active_admin.css.scss

WARNING: box-shadow is deprecated and will be removed in the next major version release
         on line 7 of /home/taras/.rvm/gems/ruby-1.9.3-p448/gems/bourbon-3.1.1/app/assets/stylesheets/_bourbon-deprecated-upcoming.scss, in `box-shadow'
         from line 35 of /home/taras/.rvm/gems/ruby-1.9.3-p448/gems/activeadmin-0.5.1/app/assets/stylesheets/active_admin/mixins/_buttons.css.scss, in `default-button'
         from line 65 of /home/taras/.rvm/gems/ruby-1.9.3-p448/gems/activeadmin-0.5.1/app/assets/stylesheets/active_admin/mixins/_buttons.css.scss, in `dark-button'
         from line 181 of /home/taras/.rvm/gems/ruby-1.9.3-p448/gems/activeadmin-0.5.1/app/assets/stylesheets/active_admin/_forms.css.scss
         from line 11 of /home/taras/.rvm/gems/ruby-1.9.3-p448/gems/activeadmin-0.5.1/app/assets/stylesheets/active_admin/_base.css.scss
         from line 12 of /home/taras/dev/project/rails/h/icn/app/assets/stylesheets/active_admin.css.scss

WARNING: box-shadow is deprecated and will be removed in the next major version release
         on line 7 of /home/taras/.rvm/gems/ruby-1.9.3-p448/gems/bourbon-3.1.1/app/assets/stylesheets/_bourbon-deprecated-upcoming.scss, in `box-shadow'
         from line 44 of /home/taras/.rvm/gems/ruby-1.9.3-p448/gems/activeadmin-0.5.1/app/assets/stylesheets/active_admin/mixins/_buttons.css.scss, in `light-button'
         from line 197 of /home/taras/.rvm/gems/ruby-1.9.3-p448/gems/activeadmin-0.5.1/app/assets/stylesheets/active_admin/_forms.css.scss
         from line 11 of /home/taras/.rvm/gems/ruby-1.9.3-p448/gems/activeadmin-0.5.1/app/assets/stylesheets/active_admin/_base.css.scss
         from line 12 of /home/taras/dev/project/rails/h/icn/app/assets/stylesheets/active_admin.css.scss

WARNING: box-shadow is deprecated and will be removed in the next major version release
         on line 7 of /home/taras/.rvm/gems/ruby-1.9.3-p448/gems/bourbon-3.1.1/app/assets/stylesheets/_bourbon-deprecated-upcoming.scss, in `box-shadow'
         from line 56 of /home/taras/.rvm/gems/ruby-1.9.3-p448/gems/activeadmin-0.5.1/app/assets/stylesheets/active_admin/mixins/_buttons.css.scss, in `light-button'
         from line 197 of /home/taras/.rvm/gems/ruby-1.9.3-p448/gems/activeadmin-0.5.1/app/assets/stylesheets/active_admin/_forms.css.scss
         from line 11 of /home/taras/.rvm/gems/ruby-1.9.3-p448/gems/activeadmin-0.5.1/app/assets/stylesheets/active_admin/_base.css.scss
         from line 12 of /home/taras/dev/project/rails/h/icn/app/assets/stylesheets/active_admin.css.scss

WARNING: box-shadow is deprecated and will be removed in the next major version release
         on line 7 of /home/taras/.rvm/gems/ruby-1.9.3-p448/gems/bourbon-3.1.1/app/assets/stylesheets/_bourbon-deprecated-upcoming.scss, in `box-shadow'
         from line 44 of /home/taras/.rvm/gems/ruby-1.9.3-p448/gems/activeadmin-0.5.1/app/assets/stylesheets/active_admin/mixins/_buttons.css.scss, in `light-button'
         from line 279 of /home/taras/.rvm/gems/ruby-1.9.3-p448/gems/activeadmin-0.5.1/app/assets/stylesheets/active_admin/_forms.css.scss
         from line 11 of /home/taras/.rvm/gems/ruby-1.9.3-p448/gems/activeadmin-0.5.1/app/assets/stylesheets/active_admin/_base.css.scss
         from line 12 of /home/taras/dev/project/rails/h/icn/app/assets/stylesheets/active_admin.css.scss

WARNING: box-shadow is deprecated and will be removed in the next major version release
         on line 7 of /home/taras/.rvm/gems/ruby-1.9.3-p448/gems/bourbon-3.1.1/app/assets/stylesheets/_bourbon-deprecated-upcoming.scss, in `box-shadow'
         from line 56 of /home/taras/.rvm/gems/ruby-1.9.3-p448/gems/activeadmin-0.5.1/app/assets/stylesheets/active_admin/mixins/_buttons.css.scss, in `light-button'
         from line 279 of /home/taras/.rvm/gems/ruby-1.9.3-p448/gems/activeadmin-0.5.1/app/assets/stylesheets/active_admin/_forms.css.scss
         from line 11 of /home/taras/.rvm/gems/ruby-1.9.3-p448/gems/activeadmin-0.5.1/app/assets/stylesheets/active_admin/_base.css.scss
         from line 12 of /home/taras/dev/project/rails/h/icn/app/assets/stylesheets/active_admin.css.scss

WARNING: box-shadow is deprecated and will be removed in the next major version release
         on line 7 of /home/taras/.rvm/gems/ruby-1.9.3-p448/gems/bourbon-3.1.1/app/assets/stylesheets/_bourbon-deprecated-upcoming.scss, in `box-shadow'
         from line 6 of /home/taras/.rvm/gems/ruby-1.9.3-p448/gems/activeadmin-0.5.1/app/assets/stylesheets/active_admin/components/_popovers.css.scss
         from line 15 of /home/taras/.rvm/gems/ruby-1.9.3-p448/gems/activeadmin-0.5.1/app/assets/stylesheets/active_admin/_base.css.scss
         from line 12 of /home/taras/dev/project/rails/h/icn/app/assets/stylesheets/active_admin.css.scss

WARNING: box-shadow is deprecated and will be removed in the next major version release
         on line 7 of /home/taras/.rvm/gems/ruby-1.9.3-p448/gems/bourbon-3.1.1/app/assets/stylesheets/_bourbon-deprecated-upcoming.scss, in `box-shadow'
         from line 62 of /home/taras/.rvm/gems/ruby-1.9.3-p448/gems/activeadmin-0.5.1/app/assets/stylesheets/active_admin/components/_popovers.css.scss
         from line 15 of /home/taras/.rvm/gems/ruby-1.9.3-p448/gems/activeadmin-0.5.1/app/assets/stylesheets/active_admin/_base.css.scss
         from line 12 of /home/taras/dev/project/rails/h/icn/app/assets/stylesheets/active_admin.css.scss

WARNING: box-shadow is deprecated and will be removed in the next major version release
         on line 7 of /home/taras/.rvm/gems/ruby-1.9.3-p448/gems/bourbon-3.1.1/app/assets/stylesheets/_bourbon-deprecated-upcoming.scss, in `box-shadow'
         from line 6 of /home/taras/.rvm/gems/ruby-1.9.3-p448/gems/activeadmin-0.5.1/app/assets/stylesheets/active_admin/mixins/_sections.css.scss, in `section-header'
         from line 18 of /home/taras/.rvm/gems/ruby-1.9.3-p448/gems/activeadmin-0.5.1/app/assets/stylesheets/active_admin/components/_tables.css.scss
         from line 16 of /home/taras/.rvm/gems/ruby-1.9.3-p448/gems/activeadmin-0.5.1/app/assets/stylesheets/active_admin/_base.css.scss
         from line 12 of /home/taras/dev/project/rails/h/icn/app/assets/stylesheets/active_admin.css.scss

WARNING: box-shadow is deprecated and will be removed in the next major version release
         on line 7 of /home/taras/.rvm/gems/ruby-1.9.3-p448/gems/bourbon-3.1.1/app/assets/stylesheets/_bourbon-deprecated-upcoming.scss, in `box-shadow'
         from line 44 of /home/taras/.rvm/gems/ruby-1.9.3-p448/gems/activeadmin-0.5.1/app/assets/stylesheets/active_admin/mixins/_buttons.css.scss, in `light-button'
         from line 5 of /home/taras/.rvm/gems/ruby-1.9.3-p448/gems/activeadmin-0.5.1/app/assets/stylesheets/active_admin/components/_dropdown_menu.scss
         from line 20 of /home/taras/.rvm/gems/ruby-1.9.3-p448/gems/activeadmin-0.5.1/app/assets/stylesheets/active_admin/_base.css.scss
         from line 12 of /home/taras/dev/project/rails/h/icn/app/assets/stylesheets/active_admin.css.scss

WARNING: box-shadow is deprecated and will be removed in the next major version release
         on line 7 of /home/taras/.rvm/gems/ruby-1.9.3-p448/gems/bourbon-3.1.1/app/assets/stylesheets/_bourbon-deprecated-upcoming.scss, in `box-shadow'
         from line 56 of /home/taras/.rvm/gems/ruby-1.9.3-p448/gems/activeadmin-0.5.1/app/assets/stylesheets/active_admin/mixins/_buttons.css.scss, in `light-button'
         from line 5 of /home/taras/.rvm/gems/ruby-1.9.3-p448/gems/activeadmin-0.5.1/app/assets/stylesheets/active_admin/components/_dropdown_menu.scss
         from line 20 of /home/taras/.rvm/gems/ruby-1.9.3-p448/gems/activeadmin-0.5.1/app/assets/stylesheets/active_admin/_base.css.scss
         from line 12 of /home/taras/dev/project/rails/h/icn/app/assets/stylesheets/active_admin.css.scss

WARNING: box-shadow is deprecated and will be removed in the next major version release
         on line 7 of /home/taras/.rvm/gems/ruby-1.9.3-p448/gems/bourbon-3.1.1/app/assets/stylesheets/_bourbon-deprecated-upcoming.scss, in `box-shadow'
         from line 83 of /home/taras/.rvm/gems/ruby-1.9.3-p448/gems/activeadmin-0.5.1/app/assets/stylesheets/active_admin/components/_dropdown_menu.scss
         from line 20 of /home/taras/.rvm/gems/ruby-1.9.3-p448/gems/activeadmin-0.5.1/app/assets/stylesheets/active_admin/_base.css.scss
         from line 12 of /home/taras/dev/project/rails/h/icn/app/assets/stylesheets/active_admin.css.scss

WARNING: box-shadow is deprecated and will be removed in the next major version release
         on line 7 of /home/taras/.rvm/gems/ruby-1.9.3-p448/gems/bourbon-3.1.1/app/assets/stylesheets/_bourbon-deprecated-upcoming.scss, in `box-shadow'
         from line 96 of /home/taras/.rvm/gems/ruby-1.9.3-p448/gems/activeadmin-0.5.1/app/assets/stylesheets/active_admin/components/_dropdown_menu.scss
         from line 20 of /home/taras/.rvm/gems/ruby-1.9.3-p448/gems/activeadmin-0.5.1/app/assets/stylesheets/active_admin/_base.css.scss
         from line 12 of /home/taras/dev/project/rails/h/icn/app/assets/stylesheets/active_admin.css.scss

WARNING: box-shadow is deprecated and will be removed in the next major version release
         on line 7 of /home/taras/.rvm/gems/ruby-1.9.3-p448/gems/bourbon-3.1.1/app/assets/stylesheets/_bourbon-deprecated-upcoming.scss, in `box-shadow'
         from line 24 of /home/taras/.rvm/gems/ruby-1.9.3-p448/gems/activeadmin-0.5.1/app/assets/stylesheets/active_admin/mixins/_buttons.css.scss, in `default-button'
         from line 65 of /home/taras/.rvm/gems/ruby-1.9.3-p448/gems/activeadmin-0.5.1/app/assets/stylesheets/active_admin/mixins/_buttons.css.scss, in `dark-button'
         from line 11 of /home/taras/.rvm/gems/ruby-1.9.3-p448/gems/activeadmin-0.5.1/app/assets/stylesheets/active_admin/components/_buttons.scss
         from line 21 of /home/taras/.rvm/gems/ruby-1.9.3-p448/gems/activeadmin-0.5.1/app/assets/stylesheets/active_admin/_base.css.scss
         from line 12 of /home/taras/dev/project/rails/h/icn/app/assets/stylesheets/active_admin.css.scss

WARNING: box-shadow is deprecated and will be removed in the next major version release
         on line 7 of /home/taras/.rvm/gems/ruby-1.9.3-p448/gems/bourbon-3.1.1/app/assets/stylesheets/_bourbon-deprecated-upcoming.scss, in `box-shadow'
         from line 35 of /home/taras/.rvm/gems/ruby-1.9.3-p448/gems/activeadmin-0.5.1/app/assets/stylesheets/active_admin/mixins/_buttons.css.scss, in `default-button'
         from line 65 of /home/taras/.rvm/gems/ruby-1.9.3-p448/gems/activeadmin-0.5.1/app/assets/stylesheets/active_admin/mixins/_buttons.css.scss, in `dark-button'
         from line 11 of /home/taras/.rvm/gems/ruby-1.9.3-p448/gems/activeadmin-0.5.1/app/assets/stylesheets/active_admin/components/_buttons.scss
         from line 21 of /home/taras/.rvm/gems/ruby-1.9.3-p448/gems/activeadmin-0.5.1/app/assets/stylesheets/active_admin/_base.css.scss
         from line 12 of /home/taras/dev/project/rails/h/icn/app/assets/stylesheets/active_admin.css.scss

WARNING: box-shadow is deprecated and will be removed in the next major version release
         on line 7 of /home/taras/.rvm/gems/ruby-1.9.3-p448/gems/bourbon-3.1.1/app/assets/stylesheets/_bourbon-deprecated-upcoming.scss, in `box-shadow'
         from line 44 of /home/taras/.rvm/gems/ruby-1.9.3-p448/gems/activeadmin-0.5.1/app/assets/stylesheets/active_admin/mixins/_buttons.css.scss, in `light-button'
         from line 11 of /home/taras/.rvm/gems/ruby-1.9.3-p448/gems/activeadmin-0.5.1/app/assets/stylesheets/active_admin/components/_pagination.scss
         from line 24 of /home/taras/.rvm/gems/ruby-1.9.3-p448/gems/activeadmin-0.5.1/app/assets/stylesheets/active_admin/_base.css.scss
         from line 12 of /home/taras/dev/project/rails/h/icn/app/assets/stylesheets/active_admin.css.scss

WARNING: box-shadow is deprecated and will be removed in the next major version release
         on line 7 of /home/taras/.rvm/gems/ruby-1.9.3-p448/gems/bourbon-3.1.1/app/assets/stylesheets/_bourbon-deprecated-upcoming.scss, in `box-shadow'
         from line 56 of /home/taras/.rvm/gems/ruby-1.9.3-p448/gems/activeadmin-0.5.1/app/assets/stylesheets/active_admin/mixins/_buttons.css.scss, in `light-button'
         from line 11 of /home/taras/.rvm/gems/ruby-1.9.3-p448/gems/activeadmin-0.5.1/app/assets/stylesheets/active_admin/components/_pagination.scss
         from line 24 of /home/taras/.rvm/gems/ruby-1.9.3-p448/gems/activeadmin-0.5.1/app/assets/stylesheets/active_admin/_base.css.scss
         from line 12 of /home/taras/dev/project/rails/h/icn/app/assets/stylesheets/active_admin.css.scss

WARNING: box-shadow is deprecated and will be removed in the next major version release
         on line 7 of /home/taras/.rvm/gems/ruby-1.9.3-p448/gems/bourbon-3.1.1/app/assets/stylesheets/_bourbon-deprecated-upcoming.scss, in `box-shadow'
         from line 24 of /home/taras/.rvm/gems/ruby-1.9.3-p448/gems/activeadmin-0.5.1/app/assets/stylesheets/active_admin/mixins/_buttons.css.scss, in `default-button'
         from line 15 of /home/taras/.rvm/gems/ruby-1.9.3-p448/gems/activeadmin-0.5.1/app/assets/stylesheets/active_admin/components/_pagination.scss
         from line 24 of /home/taras/.rvm/gems/ruby-1.9.3-p448/gems/activeadmin-0.5.1/app/assets/stylesheets/active_admin/_base.css.scss
         from line 12 of /home/taras/dev/project/rails/h/icn/app/assets/stylesheets/active_admin.css.scss

WARNING: box-shadow is deprecated and will be removed in the next major version release
         on line 7 of /home/taras/.rvm/gems/ruby-1.9.3-p448/gems/bourbon-3.1.1/app/assets/stylesheets/_bourbon-deprecated-upcoming.scss, in `box-shadow'
         from line 35 of /home/taras/.rvm/gems/ruby-1.9.3-p448/gems/activeadmin-0.5.1/app/assets/stylesheets/active_admin/mixins/_buttons.css.scss, in `default-button'
         from line 15 of /home/taras/.rvm/gems/ruby-1.9.3-p448/gems/activeadmin-0.5.1/app/assets/stylesheets/active_admin/components/_pagination.scss
         from line 24 of /home/taras/.rvm/gems/ruby-1.9.3-p448/gems/activeadmin-0.5.1/app/assets/stylesheets/active_admin/_base.css.scss
         from line 12 of /home/taras/dev/project/rails/h/icn/app/assets/stylesheets/active_admin.css.scss

WARNING: box-shadow is deprecated and will be removed in the next major version release
         on line 7 of /home/taras/.rvm/gems/ruby-1.9.3-p448/gems/bourbon-3.1.1/app/assets/stylesheets/_bourbon-deprecated-upcoming.scss, in `box-shadow'
         from line 6 of /home/taras/.rvm/gems/ruby-1.9.3-p448/gems/activeadmin-0.5.1/app/assets/stylesheets/active_admin/mixins/_sections.css.scss, in `section-header'
         from line 28 of /home/taras/.rvm/gems/ruby-1.9.3-p448/gems/activeadmin-0.5.1/app/assets/stylesheets/active_admin/mixins/_sections.css.scss, in `section'
         from line 2 of /home/taras/.rvm/gems/ruby-1.9.3-p448/gems/activeadmin-0.5.1/app/assets/stylesheets/active_admin/components/_panels.scss
         from line 25 of /home/taras/.rvm/gems/ruby-1.9.3-p448/gems/activeadmin-0.5.1/app/assets/stylesheets/active_admin/_base.css.scss
         from line 12 of /home/taras/dev/project/rails/h/icn/app/assets/stylesheets/active_admin.css.scss

WARNING: box-shadow is deprecated and will be removed in the next major version release
         on line 7 of /home/taras/.rvm/gems/ruby-1.9.3-p448/gems/bourbon-3.1.1/app/assets/stylesheets/_bourbon-deprecated-upcoming.scss, in `box-shadow'
         from line 6 of /home/taras/.rvm/gems/ruby-1.9.3-p448/gems/activeadmin-0.5.1/app/assets/stylesheets/active_admin/mixins/_sections.css.scss, in `section-header'
         from line 28 of /home/taras/.rvm/gems/ruby-1.9.3-p448/gems/activeadmin-0.5.1/app/assets/stylesheets/active_admin/mixins/_sections.css.scss, in `section'
         from line 6 of /home/taras/.rvm/gems/ruby-1.9.3-p448/gems/activeadmin-0.5.1/app/assets/stylesheets/active_admin/components/_panels.scss
         from line 25 of /home/taras/.rvm/gems/ruby-1.9.3-p448/gems/activeadmin-0.5.1/app/assets/stylesheets/active_admin/_base.css.scss
         from line 12 of /home/taras/dev/project/rails/h/icn/app/assets/stylesheets/active_admin.css.scss

WARNING: box-shadow is deprecated and will be removed in the next major version release
         on line 7 of /home/taras/.rvm/gems/ruby-1.9.3-p448/gems/bourbon-3.1.1/app/assets/stylesheets/_bourbon-deprecated-upcoming.scss, in `box-shadow'
         from line 44 of /home/taras/.rvm/gems/ruby-1.9.3-p448/gems/activeadmin-0.5.1/app/assets/stylesheets/active_admin/mixins/_buttons.css.scss, in `light-button'
         from line 25 of /home/taras/.rvm/gems/ruby-1.9.3-p448/gems/activeadmin-0.5.1/app/assets/stylesheets/active_admin/components/_table_tools.css.scss
         from line 29 of /home/taras/.rvm/gems/ruby-1.9.3-p448/gems/activeadmin-0.5.1/app/assets/stylesheets/active_admin/_base.css.scss
         from line 12 of /home/taras/dev/project/rails/h/icn/app/assets/stylesheets/active_admin.css.scss

WARNING: box-shadow is deprecated and will be removed in the next major version release
         on line 7 of /home/taras/.rvm/gems/ruby-1.9.3-p448/gems/bourbon-3.1.1/app/assets/stylesheets/_bourbon-deprecated-upcoming.scss, in `box-shadow'
         from line 56 of /home/taras/.rvm/gems/ruby-1.9.3-p448/gems/activeadmin-0.5.1/app/assets/stylesheets/active_admin/mixins/_buttons.css.scss, in `light-button'
         from line 25 of /home/taras/.rvm/gems/ruby-1.9.3-p448/gems/activeadmin-0.5.1/app/assets/stylesheets/active_admin/components/_table_tools.css.scss
         from line 29 of /home/taras/.rvm/gems/ruby-1.9.3-p448/gems/activeadmin-0.5.1/app/assets/stylesheets/active_admin/_base.css.scss
         from line 12 of /home/taras/dev/project/rails/h/icn/app/assets/stylesheets/active_admin.css.scss

WARNING: box-shadow is deprecated and will be removed in the next major version release
         on line 7 of /home/taras/.rvm/gems/ruby-1.9.3-p448/gems/bourbon-3.1.1/app/assets/stylesheets/_bourbon-deprecated-upcoming.scss, in `box-shadow'
         from line 41 of /home/taras/.rvm/gems/ruby-1.9.3-p448/gems/activeadmin-0.5.1/app/assets/stylesheets/active_admin/components/_table_tools.css.scss
         from line 29 of /home/taras/.rvm/gems/ruby-1.9.3-p448/gems/activeadmin-0.5.1/app/assets/stylesheets/active_admin/_base.css.scss
         from line 12 of /home/taras/dev/project/rails/h/icn/app/assets/stylesheets/active_admin.css.scss

WARNING: box-shadow is deprecated and will be removed in the next major version release
         on line 7 of /home/taras/.rvm/gems/ruby-1.9.3-p448/gems/bourbon-3.1.1/app/assets/stylesheets/_bourbon-deprecated-upcoming.scss, in `box-shadow'
         from line 84 of /home/taras/.rvm/gems/ruby-1.9.3-p448/gems/activeadmin-0.5.1/app/assets/stylesheets/active_admin/components/_table_tools.css.scss
         from line 29 of /home/taras/.rvm/gems/ruby-1.9.3-p448/gems/activeadmin-0.5.1/app/assets/stylesheets/active_admin/_base.css.scss
         from line 12 of /home/taras/dev/project/rails/h/icn/app/assets/stylesheets/active_admin.css.scss

WARNING: box-shadow is deprecated and will be removed in the next major version release
         on line 7 of /home/taras/.rvm/gems/ruby-1.9.3-p448/gems/bourbon-3.1.1/app/assets/stylesheets/_bourbon-deprecated-upcoming.scss, in `box-shadow'
         from line 6 of /home/taras/.rvm/gems/ruby-1.9.3-p448/gems/activeadmin-0.5.1/app/assets/stylesheets/active_admin/mixins/_sections.css.scss, in `section-header'
         from line 28 of /home/taras/.rvm/gems/ruby-1.9.3-p448/gems/activeadmin-0.5.1/app/assets/stylesheets/active_admin/mixins/_sections.css.scss, in `section'
         from line 4 of /home/taras/.rvm/gems/ruby-1.9.3-p448/gems/activeadmin-0.5.1/app/assets/stylesheets/active_admin/pages/_dashboard.scss
         from line 30 of /home/taras/.rvm/gems/ruby-1.9.3-p448/gems/activeadmin-0.5.1/app/assets/stylesheets/active_admin/_base.css.scss
         from line 12 of /home/taras/dev/project/rails/h/icn/app/assets/stylesheets/active_admin.css.scss

WARNING: box-shadow is deprecated and will be removed in the next major version release
         on line 7 of /home/taras/.rvm/gems/ruby-1.9.3-p448/gems/bourbon-3.1.1/app/assets/stylesheets/_bourbon-deprecated-upcoming.scss, in `box-shadow'
         from line 6 of /home/taras/.rvm/gems/ruby-1.9.3-p448/gems/activeadmin-0.5.1/app/assets/stylesheets/active_admin/mixins/_sections.css.scss, in `section-header'
         from line 15 of /home/taras/.rvm/gems/ruby-1.9.3-p448/gems/activeadmin-0.5.1/app/assets/stylesheets/active_admin/pages/_logged_out.scss
         from line 31 of /home/taras/.rvm/gems/ruby-1.9.3-p448/gems/activeadmin-0.5.1/app/assets/stylesheets/active_admin/_base.css.scss
         from line 12 of /home/taras/dev/project/rails/h/icn/app/assets/stylesheets/active_admin.css.scss

WARNING: box-shadow is deprecated and will be removed in the next major version release
         on line 7 of /home/taras/.rvm/gems/ruby-1.9.3-p448/gems/bourbon-3.1.1/app/assets/stylesheets/_bourbon-deprecated-upcoming.scss, in `box-shadow'
         from line 18 of /home/taras/.rvm/gems/ruby-1.9.3-p448/gems/activeadmin-0.5.1/app/assets/stylesheets/active_admin/pages/_logged_out.scss
         from line 31 of /home/taras/.rvm/gems/ruby-1.9.3-p448/gems/activeadmin-0.5.1/app/assets/stylesheets/active_admin/_base.css.scss
         from line 12 of /home/taras/dev/project/rails/h/icn/app/assets/stylesheets/active_admin.css.scss

WARNING: box-shadow is deprecated and will be removed in the next major version release
         on line 7 of /home/taras/.rvm/gems/ruby-1.9.3-p448/gems/bourbon-3.1.1/app/assets/stylesheets/_bourbon-deprecated-upcoming.scss, in `box-shadow'
         from line 6 of /home/taras/.rvm/gems/ruby-1.9.3-p448/gems/activeadmin-0.5.1/app/assets/stylesheets/active_admin/mixins/_sections.css.scss, in `section-header'
         from line 2 of /home/taras/.rvm/gems/ruby-1.9.3-p448/gems/activeadmin-0.5.1/app/assets/stylesheets/active_admin/structure/_title_bar.scss
         from line 34 of /home/taras/.rvm/gems/ruby-1.9.3-p448/gems/activeadmin-0.5.1/app/assets/stylesheets/active_admin/_base.css.scss
         from line 12 of /home/taras/dev/project/rails/h/icn/app/assets/stylesheets/active_admin.css.scss

WARNING: box-shadow is deprecated and will be removed in the next major version release
         on line 7 of /home/taras/.rvm/gems/ruby-1.9.3-p448/gems/bourbon-3.1.1/app/assets/stylesheets/_bourbon-deprecated-upcoming.scss, in `box-shadow'
         from line 5 of /home/taras/.rvm/gems/ruby-1.9.3-p448/gems/activeadmin-0.5.1/app/assets/stylesheets/active_admin/structure/_title_bar.scss
         from line 34 of /home/taras/.rvm/gems/ruby-1.9.3-p448/gems/activeadmin-0.5.1/app/assets/stylesheets/active_admin/_base.css.scss
         from line 12 of /home/taras/dev/project/rails/h/icn/app/assets/stylesheets/active_admin.css.scss

WARNING: box-shadow is deprecated and will be removed in the next major version release
         on line 7 of /home/taras/.rvm/gems/ruby-1.9.3-p448/gems/bourbon-3.1.1/app/assets/stylesheets/_bourbon-deprecated-upcoming.scss, in `box-shadow'
         from line 44 of /home/taras/.rvm/gems/ruby-1.9.3-p448/gems/activeadmin-0.5.1/app/assets/stylesheets/active_admin/mixins/_buttons.css.scss, in `light-button'
         from line 34 of /home/taras/.rvm/gems/ruby-1.9.3-p448/gems/activeadmin-0.5.1/app/assets/stylesheets/active_admin/structure/_title_bar.scss
         from line 34 of /home/taras/.rvm/gems/ruby-1.9.3-p448/gems/activeadmin-0.5.1/app/assets/stylesheets/active_admin/_base.css.scss
         from line 12 of /home/taras/dev/project/rails/h/icn/app/assets/stylesheets/active_admin.css.scss

WARNING: box-shadow is deprecated and will be removed in the next major version release
         on line 7 of /home/taras/.rvm/gems/ruby-1.9.3-p448/gems/bourbon-3.1.1/app/assets/stylesheets/_bourbon-deprecated-upcoming.scss, in `box-shadow'
         from line 56 of /home/taras/.rvm/gems/ruby-1.9.3-p448/gems/activeadmin-0.5.1/app/assets/stylesheets/active_admin/mixins/_buttons.css.scss, in `light-button'
         from line 34 of /home/taras/.rvm/gems/ruby-1.9.3-p448/gems/activeadmin-0.5.1/app/assets/stylesheets/active_admin/structure/_title_bar.scss
         from line 34 of /home/taras/.rvm/gems/ruby-1.9.3-p448/gems/activeadmin-0.5.1/app/assets/stylesheets/active_admin/_base.css.scss
         from line 12 of /home/taras/dev/project/rails/h/icn/app/assets/stylesheets/active_admin.css.scss

Compiled active_admin.css  (1687ms)  (pid 15845)
Compiled app.css  (0ms)  (pid 15845)
Compiled application.css  (0ms)  (pid 15845)
Compiled foundation.css  (0ms)  (pid 15845)
Compiled jquery.ui.core.js  (0ms)  (pid 15845)
Compiled jquery.ui.widget.js  (0ms)  (pid 15845)
Compiled jquery.ui.accordion.js  (11ms)  (pid 15845)
Compiled jquery.ui.position.js  (0ms)  (pid 15845)
Compiled jquery.ui.menu.js  (9ms)  (pid 15845)
Compiled jquery.ui.autocomplete.js  (17ms)  (pid 15845)
Compiled jquery.ui.button.js  (2ms)  (pid 15845)
Compiled jquery.ui.datepicker.js  (2ms)  (pid 15845)
Compiled jquery.ui.mouse.js  (2ms)  (pid 15845)
Compiled jquery.ui.draggable.js  (9ms)  (pid 15845)
Compiled jquery.ui.resizable.js  (4ms)  (pid 15845)
Compiled jquery.ui.dialog.js  (29ms)  (pid 15845)
Compiled jquery.ui.droppable.js  (5ms)  (pid 15845)
Compiled jquery.ui.effect.js  (0ms)  (pid 15845)
Compiled jquery.ui.effect-blind.js  (5ms)  (pid 15845)
Compiled jquery.ui.effect-bounce.js  (1ms)  (pid 15845)
Compiled jquery.ui.effect-clip.js  (1ms)  (pid 15845)
Compiled jquery.ui.effect-drop.js  (1ms)  (pid 15845)
Compiled jquery.ui.effect-explode.js  (1ms)  (pid 15845)
Compiled jquery.ui.effect-fade.js  (1ms)  (pid 15845)
Compiled jquery.ui.effect-fold.js  (1ms)  (pid 15845)
Compiled jquery.ui.effect-highlight.js  (1ms)  (pid 15845)
Compiled jquery.ui.effect-pulsate.js  (1ms)  (pid 15845)
Compiled jquery.ui.effect-scale.js  (1ms)  (pid 15845)
Compiled jquery.ui.effect-shake.js  (1ms)  (pid 15845)
Compiled jquery.ui.effect-slide.js  (1ms)  (pid 15845)
Compiled jquery.ui.effect-transfer.js  (1ms)  (pid 15845)
Compiled jquery.ui.progressbar.js  (2ms)  (pid 15845)
Compiled jquery.ui.selectable.js  (3ms)  (pid 15845)
Compiled jquery.ui.slider.js  (3ms)  (pid 15845)
Compiled jquery.ui.sortable.js  (3ms)  (pid 15845)
Compiled jquery.ui.spinner.js  (3ms)  (pid 15845)
Compiled jquery.ui.tabs.js  (2ms)  (pid 15845)
Compiled jquery.ui.tooltip.js  (3ms)  (pid 15845)
Compiled jquery.ui.all.js  (314ms)  (pid 15845)
Compiled wysihtml5.js  (2ms)  (pid 15845)
Compiled active_admin/editor/config.js  (1ms)  (pid 15845)
Compiled active_admin/editor/templates/toolbar.js  (2ms)  (pid 15845)
Compiled active_admin/editor/templates/uploader.js  (0ms)  (pid 15845)
Compiled active_admin/editor/editor.js  (12ms)  (pid 15845)
Compiled active_admin/editor/parser_rules.js  (0ms)  (pid 15845)
Compiled active_admin/editor.js  (40ms)  (pid 15845)
WARNING: box-shadow is deprecated and will be removed in the next major version release
         on line 7 of /home/taras/.rvm/gems/ruby-1.9.3-p448/gems/bourbon-3.1.1/app/assets/stylesheets/_bourbon-deprecated-upcoming.scss, in `box-shadow'
         from line 25 of /home/taras/.rvm/gems/ruby-1.9.3-p448/gems/active_admin_editor-1.0.6/app/assets/stylesheets/active_admin/editor.css.scss

Compiled active_admin/editor.css  (783ms)  (pid 15845)
Compiled active_admin/editor/wysiwyg.css  (0ms)  (pid 15845)
Compiled active_admin/print.css  (163ms)  (pid 15845)
